Shilf 0: NQTAJHWDUYT
Shilf 1: MPSZIGVCTXS
Shilf 2: LORYHFUBSWR
Shilf 3: KNQXGETARVQ
Shilf 4: JMPWFDSZQUP
Shilf 5: ILOVECRYPTO
Shilf 6: HKNUDBQXOSN
Shilf 7: GJMTCAPWNRM
Shilf 8: FILSBZOVMQL
Shilf 9: EHKRAYNULPK
Shilf 10: DGJQZXMTKOJ
Shilf 11: CFIPYWLSJNI
Shilf 12: BEHOXVKRIMH
Shilf 13: ADGNWUJQHLG
Shilf 14: ZCFMVTIPGKF
Shilf 15: YBELUSHOFJE
Shilf 16: XADKTRGNEID
Shilf 17: WZCJSQFMDHC
Shilf 18: VYBIRPELCGB
Shilf 19: UXAHQODKBFA
Shilf 20: TWZGPNCJAEZ
Shilf 21: SVYFOMBIZDY
Shilf 22: RUXENLAHYCX
Shilf 23: QTWDMKZGXBW
Shilf 24: PSVCLJYFWAV
Shilf 25: ORUBKIXEVZU
